<?xml version="1.0" encoding="UTF-8"?>
<!-- Generated by org.testng.reporters.JUnitReportReporter -->
<testsuite ignored="0" hostname="Shubhams-MacBook-Pro.local" failures="0" tests="1" name="com.TestCases.PhpTravelLoginTest" time="12.255" errors="0" timestamp="30 Aug 2020 10:07:44 GMT" skipped="0">
  <testcase classname="com.TestCases.PhpTravelLoginTest" name="loginIntoPhpTravel" time="12.255"/>
</testsuite> <!-- com.TestCases.PhpTravelLoginTest -->
