<?xml version="1.0" encoding="UTF-8"?>
<!-- Generated by org.testng.reporters.JUnitReportReporter -->
<testsuite name="com.TestCases.FBLoginTest" tests="1" time="15.172" ignored="0" failures="0" timestamp="29 Oct 2019 08:29:07 GMT" skipped="0" hostname="DESKTOP-558IO3J" errors="0">
  <testcase name="logintoGmailThroughSekuli" time="15.172" classname="com.TestCases.FBLoginTest"/>
</testsuite> <!-- com.TestCases.FBLoginTest -->
