<?xml version="1.0" encoding="UTF-8"?>
<!-- Generated by org.testng.reporters.JUnitReportReporter -->
<testsuite name="com.TestCases.FBLoginTest" tests="1" time="4.587" ignored="0" failures="0" timestamp="27 Oct 2019 09:39:05 GMT" skipped="0" hostname="DESKTOP-558IO3J" errors="0">
  <testcase name="loginFB" time="4.587" classname="com.TestCases.FBLoginTest"/>
</testsuite> <!-- com.TestCases.FBLoginTest -->
