<?xml version="1.0" encoding="UTF-8"?>
<!-- Generated by org.testng.reporters.JUnitReportReporter -->
<testsuite hostname="Shubhams-MBP" failures="0" tests="1" name="com.TestCases.PhpTravelLoginTest" time="7.136" errors="0" timestamp="2021-09-22T13:18:29 IST" skipped="0">
  <testcase classname="com.TestCases.PhpTravelLoginTest" name="loginIntoPhpTravel" time="7.136"/>
  <system-out/>
</testsuite> <!-- com.TestCases.PhpTravelLoginTest -->
