<?xml version="1.0" encoding="UTF-8"?>
<!-- Generated by org.testng.reporters.JUnitReportReporter -->
<testsuite hostname="Shubhams-MacBook-Pro.local" failures="0" tests="1" name="com.TestCases.PhpTravelLoginTest" time="4.098" errors="0" timestamp="2022-07-14T00:03:34 IST" skipped="0">
  <testcase classname="com.TestCases.PhpTravelLoginTest" name="loginIntoPhpTravel2" time="4.098"/>
  <system-out/>
</testsuite> <!-- com.TestCases.PhpTravelLoginTest -->
