<?xml version="1.0" encoding="UTF-8"?>
<!-- Generated by org.testng.reporters.JUnitReportReporter -->
<testsuite name="com.TestCases.FBLoginTest" tests="1" time="3.887" ignored="0" failures="0" timestamp="26 Oct 2019 07:37:11 GMT" skipped="0" hostname="DESKTOP-558IO3J" errors="0">
  <testcase name="loginFB" time="3.887" classname="com.TestCases.FBLoginTest"/>
</testsuite> <!-- com.TestCases.FBLoginTest -->
