<?xml version="1.0" encoding="UTF-8"?>
<!-- Generated by org.testng.reporters.JUnitReportReporter -->
<testsuite name="com.TestCases.MercuryLogin" tests="1" time="21.534" ignored="0" failures="0" timestamp="16 Oct 2019 19:39:33 GMT" skipped="0" hostname="DESKTOP-558IO3J" errors="0">
  <testcase name="test1" time="21.534" classname="com.TestCases.MercuryLogin"/>
</testsuite> <!-- com.TestCases.MercuryLogin -->
