<?xml version="1.0" encoding="UTF-8"?>
<!-- Generated by org.testng.reporters.JUnitReportReporter -->
<testsuite ignored="4" hostname="Shubhams-MacBook-Pro.local" failures="0" tests="1" name="com.TestCases.RegisterTest" time="41.358" errors="0" timestamp="23 Aug 2020 17:04:51 GMT" skipped="0">
  <testcase classname="com.TestCases.RegisterTest" name="registration" time="41.358"/>
  <testcase classname="com.TestCases.RegisterTest" name="login">
    <skipped/>
  </testcase> <!-- login -->
  <testcase classname="com.TestCases.RegisterTest" name="checkoutProduct">
    <skipped/>
  </testcase> <!-- checkoutProduct -->
  <testcase classname="com.TestCases.RegisterTest" name="downloadInvoice">
    <skipped/>
  </testcase> <!-- downloadInvoice -->
  <testcase classname="com.TestCases.RegisterTest" name="searchDressKeyword">
    <skipped/>
  </testcase> <!-- searchDressKeyword -->
</testsuite> <!-- com.TestCases.RegisterTest -->
