<?xml version="1.0" encoding="UTF-8"?>
<!-- Generated by org.testng.reporters.JUnitReportReporter -->
<testsuite hostname="Shubhams-MacBook-Pro.local" failures="0" tests="1" name="com.TestCases.AestheticrecordLoginTest" time="22.061" errors="0" timestamp="2020-09-06T21:56:01 IST" skipped="0">
  <testcase classname="com.TestCases.AestheticrecordLoginTest" name="loginIntoAestheticSite" time="22.061"/>
  <system-out/>
</testsuite> <!-- com.TestCases.AestheticrecordLoginTest -->
